Determining if the pthread_create exist failed with the following output:
Change Dir: /root/workspace/sylar/build/CMakeFiles/CMakeTmp

Run Build Command(s):/usr/bin/gmake cmTC_8ccd6/fast 
gmake[1]: 进入目录“/root/workspace/sylar/build/CMakeFiles/CMakeTmp”
/usr/bin/gmake -f CMakeFiles/cmTC_8ccd6.dir/build.make CMakeFiles/cmTC_8ccd6.dir/build
gmake[2]: 进入目录“/root/workspace/sylar/build/CMakeFiles/CMakeTmp”
Building C object CMakeFiles/cmTC_8ccd6.dir/CheckSymbolExists.c.o
/apps/sylar/bin/gcc   -rdynamic -O3 -fPIC -ggdb -std=c11 -Wall -Wno-deprecated -Werror -Wno-unused-function -Wno-builtin-macro-redefined -Wno-deprecated-declarations    -o CMakeFiles/cmTC_8ccd6.dir/CheckSymbolExists.c.o   -c /root/workspace/sylar/build/CMakeFiles/CMakeTmp/CheckSymbolExists.c
Linking C executable cmTC_8ccd6
/apps/sylar/bin/cmake -E cmake_link_script CMakeFiles/cmTC_8ccd6.dir/link.txt --verbose=1
/apps/sylar/bin/gcc  -rdynamic -O3 -fPIC -ggdb -std=c11 -Wall -Wno-deprecated -Werror -Wno-unused-function -Wno-builtin-macro-redefined -Wno-deprecated-declarations     -rdynamic CMakeFiles/cmTC_8ccd6.dir/CheckSymbolExists.c.o  -o cmTC_8ccd6 
CMakeFiles/cmTC_8ccd6.dir/CheckSymbolExists.c.o：在函数‘main’中：
/root/workspace/sylar/build/CMakeFiles/CMakeTmp/CheckSymbolExists.c:8：对‘pthread_create’未定义的引用
collect2: 错误：ld 返回 1
gmake[2]: *** [cmTC_8ccd6] 错误 1
gmake[2]: 离开目录“/root/workspace/sylar/build/CMakeFiles/CMakeTmp”
gmake[1]: *** [cmTC_8ccd6/fast] 错误 2
gmake[1]: 离开目录“/root/workspace/sylar/build/CMakeFiles/CMakeTmp”

File /root/workspace/sylar/build/CMakeFiles/CMakeTmp/CheckSymbolExists.c:
/* */
#include <pthread.h>

int main(int argc, char** argv)
{
  (void)argv;
#ifndef pthread_create
  return ((int*)(&pthread_create))[argc];
#else
  (void)argc;
  return 0;
#endif
}

Determining if the function pthread_create exists in the pthreads failed with the following output:
Change Dir: /root/workspace/sylar/build/CMakeFiles/CMakeTmp

Run Build Command(s):/usr/bin/gmake cmTC_e5ec1/fast 
gmake[1]: 进入目录“/root/workspace/sylar/build/CMakeFiles/CMakeTmp”
/usr/bin/gmake -f CMakeFiles/cmTC_e5ec1.dir/build.make CMakeFiles/cmTC_e5ec1.dir/build
gmake[2]: 进入目录“/root/workspace/sylar/build/CMakeFiles/CMakeTmp”
Building C object CMakeFiles/cmTC_e5ec1.dir/CheckFunctionExists.c.o
/apps/sylar/bin/gcc   -rdynamic -O3 -fPIC -ggdb -std=c11 -Wall -Wno-deprecated -Werror -Wno-unused-function -Wno-builtin-macro-redefined -Wno-deprecated-declarations -DCHECK_FUNCTION_EXISTS=pthread_create   -o CMakeFiles/cmTC_e5ec1.dir/CheckFunctionExists.c.o   -c /apps/sylar/share/cmake-3.14/Modules/CheckFunctionExists.c
Linking C executable cmTC_e5ec1
/apps/sylar/bin/cmake -E cmake_link_script CMakeFiles/cmTC_e5ec1.dir/link.txt --verbose=1
/apps/sylar/bin/gcc  -rdynamic -O3 -fPIC -ggdb -std=c11 -Wall -Wno-deprecated -Werror -Wno-unused-function -Wno-builtin-macro-redefined -Wno-deprecated-declarations -DCHECK_FUNCTION_EXISTS=pthread_create    -rdynamic CMakeFiles/cmTC_e5ec1.dir/CheckFunctionExists.c.o  -o cmTC_e5ec1 -lpthreads 
/usr/bin/ld: 找不到 -lpthreads
collect2: 错误：ld 返回 1
gmake[2]: *** [cmTC_e5ec1] 错误 1
gmake[2]: 离开目录“/root/workspace/sylar/build/CMakeFiles/CMakeTmp”
gmake[1]: *** [cmTC_e5ec1/fast] 错误 2
gmake[1]: 离开目录“/root/workspace/sylar/build/CMakeFiles/CMakeTmp”


