The system is: Linux - 3.10.0-957.el7.x86_64 - x86_64
Compiling the C compiler identification source file "CMakeCCompilerId.c" succeeded.
Compiler: /apps/sylar/bin/gcc 
Build flags: 
Id flags:  

The output was:
0


Compilation of the C compiler identification source "CMakeCCompilerId.c" produced "a.out"

The C compiler identification is GNU, found in "/root/workspace/sylar/build/CMakeFiles/3.14.5/CompilerIdC/a.out"

Compiling the CXX compiler identification source file "CMakeCXXCompilerId.cpp" succeeded.
Compiler: /apps/sylar/bin/g++ 
Build flags: 
Id flags:  

The output was:
0


Compilation of the CXX compiler identification source "CMakeCXXCompilerId.cpp" produced "a.out"

The CXX compiler identification is GNU, found in "/root/workspace/sylar/build/CMakeFiles/3.14.5/CompilerIdCXX/a.out"

Determining if the C compiler works passed with the following output:
Change Dir: /root/workspace/sylar/build/CMakeFiles/CMakeTmp

Run Build Command(s):/usr/bin/gmake cmTC_807e0/fast 
gmake[1]: 进入目录“/root/workspace/sylar/build/CMakeFiles/CMakeTmp”
/usr/bin/gmake -f CMakeFiles/cmTC_807e0.dir/build.make CMakeFiles/cmTC_807e0.dir/build
gmake[2]: 进入目录“/root/workspace/sylar/build/CMakeFiles/CMakeTmp”
Building C object CMakeFiles/cmTC_807e0.dir/testCCompiler.c.o
/apps/sylar/bin/gcc    -o CMakeFiles/cmTC_807e0.dir/testCCompiler.c.o   -c /root/workspace/sylar/build/CMakeFiles/CMakeTmp/testCCompiler.c
Linking C executable cmTC_807e0
/apps/sylar/bin/cmake -E cmake_link_script CMakeFiles/cmTC_807e0.dir/link.txt --verbose=1
/apps/sylar/bin/gcc      -rdynamic CMakeFiles/cmTC_807e0.dir/testCCompiler.c.o  -o cmTC_807e0 
gmake[2]: 离开目录“/root/workspace/sylar/build/CMakeFiles/CMakeTmp”
gmake[1]: 离开目录“/root/workspace/sylar/build/CMakeFiles/CMakeTmp”


Detecting C compiler ABI info compiled with the following output:
Change Dir: /root/workspace/sylar/build/CMakeFiles/CMakeTmp

Run Build Command(s):/usr/bin/gmake cmTC_4afd4/fast 
gmake[1]: Entering directory `/root/workspace/sylar/build/CMakeFiles/CMakeTmp'
/usr/bin/gmake -f CMakeFiles/cmTC_4afd4.dir/build.make CMakeFiles/cmTC_4afd4.dir/build
gmake[2]: Entering directory `/root/workspace/sylar/build/CMakeFiles/CMakeTmp'
Building C object CMakeFiles/cmTC_4afd4.dir/CMakeCCompilerABI.c.o
/apps/sylar/bin/gcc   -v -o CMakeFiles/cmTC_4afd4.dir/CMakeCCompilerABI.c.o   -c /apps/sylar/share/cmake-3.14/Modules/CMakeCCompilerABI.c
Using built-in specs.
COLLECT_GCC=/apps/sylar/bin/gcc
Target: x86_64-pc-linux-gnu
Configured with: ../configure --enable-checking=release --enable-languages=c,c++ --disable-multilib --prefix=/apps/sylar
Thread model: posix
gcc version 9.1.0 (GCC) 
COLLECT_GCC_OPTIONS='-v' '-o' 'CMakeFiles/cmTC_4afd4.dir/CMakeCCompilerABI.c.o' '-c' '-mtune=generic' '-march=x86-64'
 /apps/sylar/libexec/gcc/x86_64-pc-linux-gnu/9.1.0/cc1 -quiet -v /apps/sylar/share/cmake-3.14/Modules/CMakeCCompilerABI.c -quiet -dumpbase CMakeCCompilerABI.c -mtune=generic -march=x86-64 -auxbase-strip CMakeFiles/cmTC_4afd4.dir/CMakeCCompilerABI.c.o -version -o /tmp/cc6ZDkTX.s
GNU C17 (GCC) version 9.1.0 (x86_64-pc-linux-gnu)
	compiled by GNU C version 9.1.0, GMP version 6.1.0, MPFR version 3.1.4, MPC version 1.0.3, isl version isl-0.18-GMP

GGC heuristics: --param ggc-min-expand=100 --param ggc-min-heapsize=131072
ignoring nonexistent directory "/apps/sylar/lib/gcc/x86_64-pc-linux-gnu/9.1.0/../../../../x86_64-pc-linux-gnu/include"
#include "..." search starts here:
#include <...> search starts here:
 /apps/sylar/lib/gcc/x86_64-pc-linux-gnu/9.1.0/include
 /usr/local/include
 /apps/sylar/include
 /apps/sylar/lib/gcc/x86_64-pc-linux-gnu/9.1.0/include-fixed
 /usr/include
End of search list.
GNU C17 (GCC) version 9.1.0 (x86_64-pc-linux-gnu)
	compiled by GNU C version 9.1.0, GMP version 6.1.0, MPFR version 3.1.4, MPC version 1.0.3, isl version isl-0.18-GMP

GGC heuristics: --param ggc-min-expand=100 --param ggc-min-heapsize=131072
Compiler executable checksum: 5c80de9afd3f1beb989926ba7ddcd7b4
COLLECT_GCC_OPTIONS='-v' '-o' 'CMakeFiles/cmTC_4afd4.dir/CMakeCCompilerABI.c.o' '-c' '-mtune=generic' '-march=x86-64'
 as -v --64 -o CMakeFiles/cmTC_4afd4.dir/CMakeCCompilerABI.c.o /tmp/cc6ZDkTX.s
GNU assembler version 2.27 (x86_64-redhat-linux) using BFD version version 2.27-34.base.el7
COMPILER_PATH=/apps/sylar/libexec/gcc/x86_64-pc-linux-gnu/9.1.0/:/apps/sylar/libexec/gcc/x86_64-pc-linux-gnu/9.1.0/:/apps/sylar/libexec/gcc/x86_64-pc-linux-gnu/:/apps/sylar/lib/gcc/x86_64-pc-linux-gnu/9.1.0/:/apps/sylar/lib/gcc/x86_64-pc-linux-gnu/
LIBRARY_PATH=/apps/sylar/lib/gcc/x86_64-pc-linux-gnu/9.1.0/:/apps/sylar/lib/gcc/x86_64-pc-linux-gnu/9.1.0/../../../../lib64/:/lib/../lib64/:/usr/lib/../lib64/:/apps/sylar/lib/gcc/x86_64-pc-linux-gnu/9.1.0/../../../:/lib/:/usr/lib/
COLLECT_GCC_OPTIONS='-v' '-o' 'CMakeFiles/cmTC_4afd4.dir/CMakeCCompilerABI.c.o' '-c' '-mtune=generic' '-march=x86-64'
Linking C executable cmTC_4afd4
/apps/sylar/bin/cmake -E cmake_link_script CMakeFiles/cmTC_4afd4.dir/link.txt --verbose=1
/apps/sylar/bin/gcc     -v -rdynamic CMakeFiles/cmTC_4afd4.dir/CMakeCCompilerABI.c.o  -o cmTC_4afd4 
Using built-in specs.
COLLECT_GCC=/apps/sylar/bin/gcc
COLLECT_LTO_WRAPPER=/apps/sylar/libexec/gcc/x86_64-pc-linux-gnu/9.1.0/lto-wrapper
Target: x86_64-pc-linux-gnu
Configured with: ../configure --enable-checking=release --enable-languages=c,c++ --disable-multilib --prefix=/apps/sylar
Thread model: posix
gcc version 9.1.0 (GCC) 
COMPILER_PATH=/apps/sylar/libexec/gcc/x86_64-pc-linux-gnu/9.1.0/:/apps/sylar/libexec/gcc/x86_64-pc-linux-gnu/9.1.0/:/apps/sylar/libexec/gcc/x86_64-pc-linux-gnu/:/apps/sylar/lib/gcc/x86_64-pc-linux-gnu/9.1.0/:/apps/sylar/lib/gcc/x86_64-pc-linux-gnu/
LIBRARY_PATH=/apps/sylar/lib/gcc/x86_64-pc-linux-gnu/9.1.0/:/apps/sylar/lib/gcc/x86_64-pc-linux-gnu/9.1.0/../../../../lib64/:/lib/../lib64/:/usr/lib/../lib64/:/apps/sylar/lib/gcc/x86_64-pc-linux-gnu/9.1.0/../../../:/lib/:/usr/lib/
COLLECT_GCC_OPTIONS='-v' '-rdynamic' '-o' 'cmTC_4afd4' '-mtune=generic' '-march=x86-64'
 /apps/sylar/libexec/gcc/x86_64-pc-linux-gnu/9.1.0/collect2 -plugin /apps/sylar/libexec/gcc/x86_64-pc-linux-gnu/9.1.0/liblto_plugin.so -plugin-opt=/apps/sylar/libexec/gcc/x86_64-pc-linux-gnu/9.1.0/lto-wrapper -plugin-opt=-fresolution=/tmp/ccDeLPNX.res -plugin-opt=-pass-through=-lgcc -plugin-opt=-pass-through=-lgcc_s -plugin-opt=-pass-through=-lc -plugin-opt=-pass-through=-lgcc -plugin-opt=-pass-through=-lgcc_s --eh-frame-hdr -m elf_x86_64 -export-dynamic -dynamic-linker /lib64/ld-linux-x86-64.so.2 -o cmTC_4afd4 /lib/../lib64/crt1.o /lib/../lib64/crti.o /apps/sylar/lib/gcc/x86_64-pc-linux-gnu/9.1.0/crtbegin.o -L/apps/sylar/lib/gcc/x86_64-pc-linux-gnu/9.1.0 -L/apps/sylar/lib/gcc/x86_64-pc-linux-gnu/9.1.0/../../../../lib64 -L/lib/../lib64 -L/usr/lib/../lib64 -L/apps/sylar/lib/gcc/x86_64-pc-linux-gnu/9.1.0/../../.. CMakeFiles/cmTC_4afd4.dir/CMakeCCompilerABI.c.o -lgcc --as-needed -lgcc_s --no-as-needed -lc -lgcc --as-needed -lgcc_s --no-as-needed /apps/sylar/lib/gcc/x86_64-pc-linux-gnu/9.1.0/crtend.o /lib/../lib64/crtn.o
COLLECT_GCC_OPTIONS='-v' '-rdynamic' '-o' 'cmTC_4afd4' '-mtune=generic' '-march=x86-64'
gmake[2]: Leaving directory `/root/workspace/sylar/build/CMakeFiles/CMakeTmp'
gmake[1]: Leaving directory `/root/workspace/sylar/build/CMakeFiles/CMakeTmp'


Parsed C implicit include dir info from above output: rv=done
  found start of include info
  found start of implicit include info
    add: [/apps/sylar/lib/gcc/x86_64-pc-linux-gnu/9.1.0/include]
    add: [/usr/local/include]
    add: [/apps/sylar/include]
    add: [/apps/sylar/lib/gcc/x86_64-pc-linux-gnu/9.1.0/include-fixed]
    add: [/usr/include]
  end of search list found
  collapse include dir [/apps/sylar/lib/gcc/x86_64-pc-linux-gnu/9.1.0/include] ==> [/apps/sylar/lib/gcc/x86_64-pc-linux-gnu/9.1.0/include]
  collapse include dir [/usr/local/include] ==> [/usr/local/include]
  collapse include dir [/apps/sylar/include] ==> [/apps/sylar/include]
  collapse include dir [/apps/sylar/lib/gcc/x86_64-pc-linux-gnu/9.1.0/include-fixed] ==> [/apps/sylar/lib/gcc/x86_64-pc-linux-gnu/9.1.0/include-fixed]
  collapse include dir [/usr/include] ==> [/usr/include]
  implicit include dirs: [/apps/sylar/lib/gcc/x86_64-pc-linux-gnu/9.1.0/include;/usr/local/include;/apps/sylar/include;/apps/sylar/lib/gcc/x86_64-pc-linux-gnu/9.1.0/include-fixed;/usr/include]


Parsed C implicit link information from above output:
  link line regex: [^( *|.*[/\])(ld|CMAKE_LINK_STARTFILE-NOTFOUND|([^/\]+-)?ld|collect2)[^/\]*( |$)]
  ignore line: [Change Dir: /root/workspace/sylar/build/CMakeFiles/CMakeTmp]
  ignore line: []
  ignore line: [Run Build Command(s):/usr/bin/gmake cmTC_4afd4/fast ]
  ignore line: [gmake[1]: Entering directory `/root/workspace/sylar/build/CMakeFiles/CMakeTmp']
  ignore line: [/usr/bin/gmake -f CMakeFiles/cmTC_4afd4.dir/build.make CMakeFiles/cmTC_4afd4.dir/build]
  ignore line: [gmake[2]: Entering directory `/root/workspace/sylar/build/CMakeFiles/CMakeTmp']
  ignore line: [Building C object CMakeFiles/cmTC_4afd4.dir/CMakeCCompilerABI.c.o]
  ignore line: [/apps/sylar/bin/gcc   -v -o CMakeFiles/cmTC_4afd4.dir/CMakeCCompilerABI.c.o   -c /apps/sylar/share/cmake-3.14/Modules/CMakeCCompilerABI.c]
  ignore line: [Using built-in specs.]
  ignore line: [COLLECT_GCC=/apps/sylar/bin/gcc]
  ignore line: [Target: x86_64-pc-linux-gnu]
  ignore line: [Configured with: ../configure --enable-checking=release --enable-languages=c,c++ --disable-multilib --prefix=/apps/sylar]
  ignore line: [Thread model: posix]
  ignore line: [gcc version 9.1.0 (GCC) ]
  ignore line: [COLLECT_GCC_OPTIONS='-v' '-o' 'CMakeFiles/cmTC_4afd4.dir/CMakeCCompilerABI.c.o' '-c' '-mtune=generic' '-march=x86-64']
  ignore line: [ /apps/sylar/libexec/gcc/x86_64-pc-linux-gnu/9.1.0/cc1 -quiet -v /apps/sylar/share/cmake-3.14/Modules/CMakeCCompilerABI.c -quiet -dumpbase CMakeCCompilerABI.c -mtune=generic -march=x86-64 -auxbase-strip CMakeFiles/cmTC_4afd4.dir/CMakeCCompilerABI.c.o -version -o /tmp/cc6ZDkTX.s]
  ignore line: [GNU C17 (GCC) version 9.1.0 (x86_64-pc-linux-gnu)]
  ignore line: [	compiled by GNU C version 9.1.0, GMP version 6.1.0, MPFR version 3.1.4, MPC version 1.0.3, isl version isl-0.18-GMP]
  ignore line: []
  ignore line: [GGC heuristics: --param ggc-min-expand=100 --param ggc-min-heapsize=131072]
  ignore line: [ignoring nonexistent directory "/apps/sylar/lib/gcc/x86_64-pc-linux-gnu/9.1.0/../../../../x86_64-pc-linux-gnu/include"]
  ignore line: [#include "..." search starts here:]
  ignore line: [#include <...> search starts here:]
  ignore line: [ /apps/sylar/lib/gcc/x86_64-pc-linux-gnu/9.1.0/include]
  ignore line: [ /usr/local/include]
  ignore line: [ /apps/sylar/include]
  ignore line: [ /apps/sylar/lib/gcc/x86_64-pc-linux-gnu/9.1.0/include-fixed]
  ignore line: [ /usr/include]
  ignore line: [End of search list.]
  ignore line: [GNU C17 (GCC) version 9.1.0 (x86_64-pc-linux-gnu)]
  ignore line: [	compiled by GNU C version 9.1.0, GMP version 6.1.0, MPFR version 3.1.4, MPC version 1.0.3, isl version isl-0.18-GMP]
  ignore line: []
  ignore line: [GGC heuristics: --param ggc-min-expand=100 --param ggc-min-heapsize=131072]
  ignore line: [Compiler executable checksum: 5c80de9afd3f1beb989926ba7ddcd7b4]
  ignore line: [COLLECT_GCC_OPTIONS='-v' '-o' 'CMakeFiles/cmTC_4afd4.dir/CMakeCCompilerABI.c.o' '-c' '-mtune=generic' '-march=x86-64']
  ignore line: [ as -v --64 -o CMakeFiles/cmTC_4afd4.dir/CMakeCCompilerABI.c.o /tmp/cc6ZDkTX.s]
  ignore line: [GNU assembler version 2.27 (x86_64-redhat-linux) using BFD version version 2.27-34.base.el7]
  ignore line: [COMPILER_PATH=/apps/sylar/libexec/gcc/x86_64-pc-linux-gnu/9.1.0/:/apps/sylar/libexec/gcc/x86_64-pc-linux-gnu/9.1.0/:/apps/sylar/libexec/gcc/x86_64-pc-linux-gnu/:/apps/sylar/lib/gcc/x86_64-pc-linux-gnu/9.1.0/:/apps/sylar/lib/gcc/x86_64-pc-linux-gnu/]
  ignore line: [LIBRARY_PATH=/apps/sylar/lib/gcc/x86_64-pc-linux-gnu/9.1.0/:/apps/sylar/lib/gcc/x86_64-pc-linux-gnu/9.1.0/../../../../lib64/:/lib/../lib64/:/usr/lib/../lib64/:/apps/sylar/lib/gcc/x86_64-pc-linux-gnu/9.1.0/../../../:/lib/:/usr/lib/]
  ignore line: [COLLECT_GCC_OPTIONS='-v' '-o' 'CMakeFiles/cmTC_4afd4.dir/CMakeCCompilerABI.c.o' '-c' '-mtune=generic' '-march=x86-64']
  ignore line: [Linking C executable cmTC_4afd4]
  ignore line: [/apps/sylar/bin/cmake -E cmake_link_script CMakeFiles/cmTC_4afd4.dir/link.txt --verbose=1]
  ignore line: [/apps/sylar/bin/gcc     -v -rdynamic CMakeFiles/cmTC_4afd4.dir/CMakeCCompilerABI.c.o  -o cmTC_4afd4 ]
  ignore line: [Using built-in specs.]
  ignore line: [COLLECT_GCC=/apps/sylar/bin/gcc]
  ignore line: [COLLECT_LTO_WRAPPER=/apps/sylar/libexec/gcc/x86_64-pc-linux-gnu/9.1.0/lto-wrapper]
  ignore line: [Target: x86_64-pc-linux-gnu]
  ignore line: [Configured with: ../configure --enable-checking=release --enable-languages=c,c++ --disable-multilib --prefix=/apps/sylar]
  ignore line: [Thread model: posix]
  ignore line: [gcc version 9.1.0 (GCC) ]
  ignore line: [COMPILER_PATH=/apps/sylar/libexec/gcc/x86_64-pc-linux-gnu/9.1.0/:/apps/sylar/libexec/gcc/x86_64-pc-linux-gnu/9.1.0/:/apps/sylar/libexec/gcc/x86_64-pc-linux-gnu/:/apps/sylar/lib/gcc/x86_64-pc-linux-gnu/9.1.0/:/apps/sylar/lib/gcc/x86_64-pc-linux-gnu/]
  ignore line: [LIBRARY_PATH=/apps/sylar/lib/gcc/x86_64-pc-linux-gnu/9.1.0/:/apps/sylar/lib/gcc/x86_64-pc-linux-gnu/9.1.0/../../../../lib64/:/lib/../lib64/:/usr/lib/../lib64/:/apps/sylar/lib/gcc/x86_64-pc-linux-gnu/9.1.0/../../../:/lib/:/usr/lib/]
  ignore line: [COLLECT_GCC_OPTIONS='-v' '-rdynamic' '-o' 'cmTC_4afd4' '-mtune=generic' '-march=x86-64']
  link line: [ /apps/sylar/libexec/gcc/x86_64-pc-linux-gnu/9.1.0/collect2 -plugin /apps/sylar/libexec/gcc/x86_64-pc-linux-gnu/9.1.0/liblto_plugin.so -plugin-opt=/apps/sylar/libexec/gcc/x86_64-pc-linux-gnu/9.1.0/lto-wrapper -plugin-opt=-fresolution=/tmp/ccDeLPNX.res -plugin-opt=-pass-through=-lgcc -plugin-opt=-pass-through=-lgcc_s -plugin-opt=-pass-through=-lc -plugin-opt=-pass-through=-lgcc -plugin-opt=-pass-through=-lgcc_s --eh-frame-hdr -m elf_x86_64 -export-dynamic -dynamic-linker /lib64/ld-linux-x86-64.so.2 -o cmTC_4afd4 /lib/../lib64/crt1.o /lib/../lib64/crti.o /apps/sylar/lib/gcc/x86_64-pc-linux-gnu/9.1.0/crtbegin.o -L/apps/sylar/lib/gcc/x86_64-pc-linux-gnu/9.1.0 -L/apps/sylar/lib/gcc/x86_64-pc-linux-gnu/9.1.0/../../../../lib64 -L/lib/../lib64 -L/usr/lib/../lib64 -L/apps/sylar/lib/gcc/x86_64-pc-linux-gnu/9.1.0/../../.. CMakeFiles/cmTC_4afd4.dir/CMakeCCompilerABI.c.o -lgcc --as-needed -lgcc_s --no-as-needed -lc -lgcc --as-needed -lgcc_s --no-as-needed /apps/sylar/lib/gcc/x86_64-pc-linux-gnu/9.1.0/crtend.o /lib/../lib64/crtn.o]
    arg [/apps/sylar/libexec/gcc/x86_64-pc-linux-gnu/9.1.0/collect2] ==> ignore
    arg [-plugin] ==> ignore
    arg [/apps/sylar/libexec/gcc/x86_64-pc-linux-gnu/9.1.0/liblto_plugin.so] ==> ignore
    arg [-plugin-opt=/apps/sylar/libexec/gcc/x86_64-pc-linux-gnu/9.1.0/lto-wrapper] ==> ignore
    arg [-plugin-opt=-fresolution=/tmp/ccDeLPNX.res] ==> ignore
    arg [-plugin-opt=-pass-through=-lgcc] ==> ignore
    arg [-plugin-opt=-pass-through=-lgcc_s] ==> ignore
    arg [-plugin-opt=-pass-through=-lc] ==> ignore
    arg [-plugin-opt=-pass-through=-lgcc] ==> ignore
    arg [-plugin-opt=-pass-through=-lgcc_s] ==> ignore
    arg [--eh-frame-hdr] ==> ignore
    arg [-m] ==> ignore
    arg [elf_x86_64] ==> ignore
    arg [-export-dynamic] ==> ignore
    arg [-dynamic-linker] ==> ignore
    arg [/lib64/ld-linux-x86-64.so.2] ==> ignore
    arg [-o] ==> ignore
    arg [cmTC_4afd4] ==> ignore
    arg [/lib/../lib64/crt1.o] ==> ignore
    arg [/lib/../lib64/crti.o] ==> ignore
    arg [/apps/sylar/lib/gcc/x86_64-pc-linux-gnu/9.1.0/crtbegin.o] ==> ignore
    arg [-L/apps/sylar/lib/gcc/x86_64-pc-linux-gnu/9.1.0] ==> dir [/apps/sylar/lib/gcc/x86_64-pc-linux-gnu/9.1.0]
    arg [-L/apps/sylar/lib/gcc/x86_64-pc-linux-gnu/9.1.0/../../../../lib64] ==> dir [/apps/sylar/lib/gcc/x86_64-pc-linux-gnu/9.1.0/../../../../lib64]
    arg [-L/lib/../lib64] ==> dir [/lib/../lib64]
    arg [-L/usr/lib/../lib64] ==> dir [/usr/lib/../lib64]
    arg [-L/apps/sylar/lib/gcc/x86_64-pc-linux-gnu/9.1.0/../../..] ==> dir [/apps/sylar/lib/gcc/x86_64-pc-linux-gnu/9.1.0/../../..]
    arg [CMakeFiles/cmTC_4afd4.dir/CMakeCCompilerABI.c.o] ==> ignore
    arg [-lgcc] ==> lib [gcc]
    arg [--as-needed] ==> ignore
    arg [-lgcc_s] ==> lib [gcc_s]
    arg [--no-as-needed] ==> ignore
    arg [-lc] ==> lib [c]
    arg [-lgcc] ==> lib [gcc]
    arg [--as-needed] ==> ignore
    arg [-lgcc_s] ==> lib [gcc_s]
    arg [--no-as-needed] ==> ignore
    arg [/apps/sylar/lib/gcc/x86_64-pc-linux-gnu/9.1.0/crtend.o] ==> ignore
    arg [/lib/../lib64/crtn.o] ==> ignore
  collapse library dir [/apps/sylar/lib/gcc/x86_64-pc-linux-gnu/9.1.0] ==> [/apps/sylar/lib/gcc/x86_64-pc-linux-gnu/9.1.0]
  collapse library dir [/apps/sylar/lib/gcc/x86_64-pc-linux-gnu/9.1.0/../../../../lib64] ==> [/apps/sylar/lib64]
  collapse library dir [/lib/../lib64] ==> [/lib64]
  collapse library dir [/usr/lib/../lib64] ==> [/usr/lib64]
  collapse library dir [/apps/sylar/lib/gcc/x86_64-pc-linux-gnu/9.1.0/../../..] ==> [/apps/sylar/lib]
  implicit libs: [gcc;gcc_s;c;gcc;gcc_s]
  implicit dirs: [/apps/sylar/lib/gcc/x86_64-pc-linux-gnu/9.1.0;/apps/sylar/lib64;/lib64;/usr/lib64;/apps/sylar/lib]
  implicit fwks: []




Detecting C [-std=c11] compiler features compiled with the following output:
Change Dir: /root/workspace/sylar/build/CMakeFiles/CMakeTmp

Run Build Command(s):/usr/bin/gmake cmTC_8782b/fast 
gmake[1]: 进入目录“/root/workspace/sylar/build/CMakeFiles/CMakeTmp”
/usr/bin/gmake -f CMakeFiles/cmTC_8782b.dir/build.make CMakeFiles/cmTC_8782b.dir/build
gmake[2]: 进入目录“/root/workspace/sylar/build/CMakeFiles/CMakeTmp”
Building C object CMakeFiles/cmTC_8782b.dir/feature_tests.c.o
/apps/sylar/bin/gcc   -std=c11 -o CMakeFiles/cmTC_8782b.dir/feature_tests.c.o   -c /root/workspace/sylar/build/CMakeFiles/feature_tests.c
Linking C executable cmTC_8782b
/apps/sylar/bin/cmake -E cmake_link_script CMakeFiles/cmTC_8782b.dir/link.txt --verbose=1
/apps/sylar/bin/gcc      -rdynamic CMakeFiles/cmTC_8782b.dir/feature_tests.c.o  -o cmTC_8782b 
gmake[2]: 离开目录“/root/workspace/sylar/build/CMakeFiles/CMakeTmp”
gmake[1]: 离开目录“/root/workspace/sylar/build/CMakeFiles/CMakeTmp”


    Feature record: C_FEATURE:1c_function_prototypes
    Feature record: C_FEATURE:1c_restrict
    Feature record: C_FEATURE:1c_static_assert
    Feature record: C_FEATURE:1c_variadic_macros


Detecting C [-std=c99] compiler features compiled with the following output:
Change Dir: /root/workspace/sylar/build/CMakeFiles/CMakeTmp

Run Build Command(s):/usr/bin/gmake cmTC_4e686/fast 
gmake[1]: 进入目录“/root/workspace/sylar/build/CMakeFiles/CMakeTmp”
/usr/bin/gmake -f CMakeFiles/cmTC_4e686.dir/build.make CMakeFiles/cmTC_4e686.dir/build
gmake[2]: 进入目录“/root/workspace/sylar/build/CMakeFiles/CMakeTmp”
Building C object CMakeFiles/cmTC_4e686.dir/feature_tests.c.o
/apps/sylar/bin/gcc   -std=c99 -o CMakeFiles/cmTC_4e686.dir/feature_tests.c.o   -c /root/workspace/sylar/build/CMakeFiles/feature_tests.c
Linking C executable cmTC_4e686
/apps/sylar/bin/cmake -E cmake_link_script CMakeFiles/cmTC_4e686.dir/link.txt --verbose=1
/apps/sylar/bin/gcc      -rdynamic CMakeFiles/cmTC_4e686.dir/feature_tests.c.o  -o cmTC_4e686 
gmake[2]: 离开目录“/root/workspace/sylar/build/CMakeFiles/CMakeTmp”
gmake[1]: 离开目录“/root/workspace/sylar/build/CMakeFiles/CMakeTmp”


    Feature record: C_FEATURE:1c_function_prototypes
    Feature record: C_FEATURE:1c_restrict
    Feature record: C_FEATURE:0c_static_assert
    Feature record: C_FEATURE:1c_variadic_macros


Detecting C [-std=c90] compiler features compiled with the following output:
Change Dir: /root/workspace/sylar/build/CMakeFiles/CMakeTmp

Run Build Command(s):/usr/bin/gmake cmTC_d021a/fast 
gmake[1]: 进入目录“/root/workspace/sylar/build/CMakeFiles/CMakeTmp”
/usr/bin/gmake -f CMakeFiles/cmTC_d021a.dir/build.make CMakeFiles/cmTC_d021a.dir/build
gmake[2]: 进入目录“/root/workspace/sylar/build/CMakeFiles/CMakeTmp”
Building C object CMakeFiles/cmTC_d021a.dir/feature_tests.c.o
/apps/sylar/bin/gcc   -std=c90 -o CMakeFiles/cmTC_d021a.dir/feature_tests.c.o   -c /root/workspace/sylar/build/CMakeFiles/feature_tests.c
Linking C executable cmTC_d021a
/apps/sylar/bin/cmake -E cmake_link_script CMakeFiles/cmTC_d021a.dir/link.txt --verbose=1
/apps/sylar/bin/gcc      -rdynamic CMakeFiles/cmTC_d021a.dir/feature_tests.c.o  -o cmTC_d021a 
gmake[2]: 离开目录“/root/workspace/sylar/build/CMakeFiles/CMakeTmp”
gmake[1]: 离开目录“/root/workspace/sylar/build/CMakeFiles/CMakeTmp”


    Feature record: C_FEATURE:1c_function_prototypes
    Feature record: C_FEATURE:0c_restrict
    Feature record: C_FEATURE:0c_static_assert
    Feature record: C_FEATURE:0c_variadic_macros
Determining if the CXX compiler works passed with the following output:
Change Dir: /root/workspace/sylar/build/CMakeFiles/CMakeTmp

Run Build Command(s):/usr/bin/gmake cmTC_1bb58/fast 
gmake[1]: 进入目录“/root/workspace/sylar/build/CMakeFiles/CMakeTmp”
/usr/bin/gmake -f CMakeFiles/cmTC_1bb58.dir/build.make CMakeFiles/cmTC_1bb58.dir/build
gmake[2]: 进入目录“/root/workspace/sylar/build/CMakeFiles/CMakeTmp”
Building CXX object CMakeFiles/cmTC_1bb58.dir/testCXXCompiler.cxx.o
/apps/sylar/bin/g++     -o CMakeFiles/cmTC_1bb58.dir/testCXXCompiler.cxx.o -c /root/workspace/sylar/build/CMakeFiles/CMakeTmp/testCXXCompiler.cxx
Linking CXX executable cmTC_1bb58
/apps/sylar/bin/cmake -E cmake_link_script CMakeFiles/cmTC_1bb58.dir/link.txt --verbose=1
/apps/sylar/bin/g++       -rdynamic CMakeFiles/cmTC_1bb58.dir/testCXXCompiler.cxx.o  -o cmTC_1bb58 
gmake[2]: 离开目录“/root/workspace/sylar/build/CMakeFiles/CMakeTmp”
gmake[1]: 离开目录“/root/workspace/sylar/build/CMakeFiles/CMakeTmp”


Detecting CXX compiler ABI info compiled with the following output:
Change Dir: /root/workspace/sylar/build/CMakeFiles/CMakeTmp

Run Build Command(s):/usr/bin/gmake cmTC_05236/fast 
gmake[1]: Entering directory `/root/workspace/sylar/build/CMakeFiles/CMakeTmp'
/usr/bin/gmake -f CMakeFiles/cmTC_05236.dir/build.make CMakeFiles/cmTC_05236.dir/build
gmake[2]: Entering directory `/root/workspace/sylar/build/CMakeFiles/CMakeTmp'
Building CXX object CMakeFiles/cmTC_05236.dir/CMakeCXXCompilerABI.cpp.o
/apps/sylar/bin/g++    -v -o CMakeFiles/cmTC_05236.dir/CMakeCXXCompilerABI.cpp.o -c /apps/sylar/share/cmake-3.14/Modules/CMakeCXXCompilerABI.cpp
Using built-in specs.
COLLECT_GCC=/apps/sylar/bin/g++
Target: x86_64-pc-linux-gnu
Configured with: ../configure --enable-checking=release --enable-languages=c,c++ --disable-multilib --prefix=/apps/sylar
Thread model: posix
gcc version 9.1.0 (GCC) 
COLLECT_GCC_OPTIONS='-v' '-o' 'CMakeFiles/cmTC_05236.dir/CMakeCXXCompilerABI.cpp.o' '-c' '-shared-libgcc' '-mtune=generic' '-march=x86-64'
 /apps/sylar/libexec/gcc/x86_64-pc-linux-gnu/9.1.0/cc1plus -quiet -v -D_GNU_SOURCE /apps/sylar/share/cmake-3.14/Modules/CMakeCXXCompilerABI.cpp -quiet -dumpbase CMakeCXXCompilerABI.cpp -mtune=generic -march=x86-64 -auxbase-strip CMakeFiles/cmTC_05236.dir/CMakeCXXCompilerABI.cpp.o -version -o /tmp/cckCu7Ud.s
GNU C++14 (GCC) version 9.1.0 (x86_64-pc-linux-gnu)
	compiled by GNU C version 9.1.0, GMP version 6.1.0, MPFR version 3.1.4, MPC version 1.0.3, isl version isl-0.18-GMP

GGC heuristics: --param ggc-min-expand=100 --param ggc-min-heapsize=131072
ignoring nonexistent directory "/apps/sylar/lib/gcc/x86_64-pc-linux-gnu/9.1.0/../../../../x86_64-pc-linux-gnu/include"
#include "..." search starts here:
#include <...> search starts here:
 /apps/sylar/lib/gcc/x86_64-pc-linux-gnu/9.1.0/../../../../include/c++/9.1.0
 /apps/sylar/lib/gcc/x86_64-pc-linux-gnu/9.1.0/../../../../include/c++/9.1.0/x86_64-pc-linux-gnu
 /apps/sylar/lib/gcc/x86_64-pc-linux-gnu/9.1.0/../../../../include/c++/9.1.0/backward
 /apps/sylar/lib/gcc/x86_64-pc-linux-gnu/9.1.0/include
 /usr/local/include
 /apps/sylar/include
 /apps/sylar/lib/gcc/x86_64-pc-linux-gnu/9.1.0/include-fixed
 /usr/include
End of search list.
GNU C++14 (GCC) version 9.1.0 (x86_64-pc-linux-gnu)
	compiled by GNU C version 9.1.0, GMP version 6.1.0, MPFR version 3.1.4, MPC version 1.0.3, isl version isl-0.18-GMP

GGC heuristics: --param ggc-min-expand=100 --param ggc-min-heapsize=131072
Compiler executable checksum: 32b751ccbf13c2c4d4f638cf53f64081
COLLECT_GCC_OPTIONS='-v' '-o' 'CMakeFiles/cmTC_05236.dir/CMakeCXXCompilerABI.cpp.o' '-c' '-shared-libgcc' '-mtune=generic' '-march=x86-64'
 as -v --64 -o CMakeFiles/cmTC_05236.dir/CMakeCXXCompilerABI.cpp.o /tmp/cckCu7Ud.s
GNU assembler version 2.27 (x86_64-redhat-linux) using BFD version version 2.27-34.base.el7
COMPILER_PATH=/apps/sylar/libexec/gcc/x86_64-pc-linux-gnu/9.1.0/:/apps/sylar/libexec/gcc/x86_64-pc-linux-gnu/9.1.0/:/apps/sylar/libexec/gcc/x86_64-pc-linux-gnu/:/apps/sylar/lib/gcc/x86_64-pc-linux-gnu/9.1.0/:/apps/sylar/lib/gcc/x86_64-pc-linux-gnu/
LIBRARY_PATH=/apps/sylar/lib/gcc/x86_64-pc-linux-gnu/9.1.0/:/apps/sylar/lib/gcc/x86_64-pc-linux-gnu/9.1.0/../../../../lib64/:/lib/../lib64/:/usr/lib/../lib64/:/apps/sylar/lib/gcc/x86_64-pc-linux-gnu/9.1.0/../../../:/lib/:/usr/lib/
COLLECT_GCC_OPTIONS='-v' '-o' 'CMakeFiles/cmTC_05236.dir/CMakeCXXCompilerABI.cpp.o' '-c' '-shared-libgcc' '-mtune=generic' '-march=x86-64'
Linking CXX executable cmTC_05236
/apps/sylar/bin/cmake -E cmake_link_script CMakeFiles/cmTC_05236.dir/link.txt --verbose=1
/apps/sylar/bin/g++      -v -rdynamic CMakeFiles/cmTC_05236.dir/CMakeCXXCompilerABI.cpp.o  -o cmTC_05236 
Using built-in specs.
COLLECT_GCC=/apps/sylar/bin/g++
COLLECT_LTO_WRAPPER=/apps/sylar/libexec/gcc/x86_64-pc-linux-gnu/9.1.0/lto-wrapper
Target: x86_64-pc-linux-gnu
Configured with: ../configure --enable-checking=release --enable-languages=c,c++ --disable-multilib --prefix=/apps/sylar
Thread model: posix
gcc version 9.1.0 (GCC) 
COMPILER_PATH=/apps/sylar/libexec/gcc/x86_64-pc-linux-gnu/9.1.0/:/apps/sylar/libexec/gcc/x86_64-pc-linux-gnu/9.1.0/:/apps/sylar/libexec/gcc/x86_64-pc-linux-gnu/:/apps/sylar/lib/gcc/x86_64-pc-linux-gnu/9.1.0/:/apps/sylar/lib/gcc/x86_64-pc-linux-gnu/
LIBRARY_PATH=/apps/sylar/lib/gcc/x86_64-pc-linux-gnu/9.1.0/:/apps/sylar/lib/gcc/x86_64-pc-linux-gnu/9.1.0/../../../../lib64/:/lib/../lib64/:/usr/lib/../lib64/:/apps/sylar/lib/gcc/x86_64-pc-linux-gnu/9.1.0/../../../:/lib/:/usr/lib/
COLLECT_GCC_OPTIONS='-v' '-rdynamic' '-o' 'cmTC_05236' '-shared-libgcc' '-mtune=generic' '-march=x86-64'
 /apps/sylar/libexec/gcc/x86_64-pc-linux-gnu/9.1.0/collect2 -plugin /apps/sylar/libexec/gcc/x86_64-pc-linux-gnu/9.1.0/liblto_plugin.so -plugin-opt=/apps/sylar/libexec/gcc/x86_64-pc-linux-gnu/9.1.0/lto-wrapper -plugin-opt=-fresolution=/tmp/ccviVUrh.res -plugin-opt=-pass-through=-lgcc_s -plugin-opt=-pass-through=-lgcc -plugin-opt=-pass-through=-lc -plugin-opt=-pass-through=-lgcc_s -plugin-opt=-pass-through=-lgcc --eh-frame-hdr -m elf_x86_64 -export-dynamic -dynamic-linker /lib64/ld-linux-x86-64.so.2 -o cmTC_05236 /lib/../lib64/crt1.o /lib/../lib64/crti.o /apps/sylar/lib/gcc/x86_64-pc-linux-gnu/9.1.0/crtbegin.o -L/apps/sylar/lib/gcc/x86_64-pc-linux-gnu/9.1.0 -L/apps/sylar/lib/gcc/x86_64-pc-linux-gnu/9.1.0/../../../../lib64 -L/lib/../lib64 -L/usr/lib/../lib64 -L/apps/sylar/lib/gcc/x86_64-pc-linux-gnu/9.1.0/../../.. CMakeFiles/cmTC_05236.dir/CMakeCXXCompilerABI.cpp.o -lstdc++ -lm -lgcc_s -lgcc -lc -lgcc_s -lgcc /apps/sylar/lib/gcc/x86_64-pc-linux-gnu/9.1.0/crtend.o /lib/../lib64/crtn.o
COLLECT_GCC_OPTIONS='-v' '-rdynamic' '-o' 'cmTC_05236' '-shared-libgcc' '-mtune=generic' '-march=x86-64'
gmake[2]: Leaving directory `/root/workspace/sylar/build/CMakeFiles/CMakeTmp'
gmake[1]: Leaving directory `/root/workspace/sylar/build/CMakeFiles/CMakeTmp'


Parsed CXX implicit include dir info from above output: rv=done
  found start of include info
  found start of implicit include info
    add: [/apps/sylar/lib/gcc/x86_64-pc-linux-gnu/9.1.0/../../../../include/c++/9.1.0]
    add: [/apps/sylar/lib/gcc/x86_64-pc-linux-gnu/9.1.0/../../../../include/c++/9.1.0/x86_64-pc-linux-gnu]
    add: [/apps/sylar/lib/gcc/x86_64-pc-linux-gnu/9.1.0/../../../../include/c++/9.1.0/backward]
    add: [/apps/sylar/lib/gcc/x86_64-pc-linux-gnu/9.1.0/include]
    add: [/usr/local/include]
    add: [/apps/sylar/include]
    add: [/apps/sylar/lib/gcc/x86_64-pc-linux-gnu/9.1.0/include-fixed]
    add: [/usr/include]
  end of search list found
  collapse include dir [/apps/sylar/lib/gcc/x86_64-pc-linux-gnu/9.1.0/../../../../include/c++/9.1.0] ==> [/apps/sylar/include/c++/9.1.0]
  collapse include dir [/apps/sylar/lib/gcc/x86_64-pc-linux-gnu/9.1.0/../../../../include/c++/9.1.0/x86_64-pc-linux-gnu] ==> [/apps/sylar/include/c++/9.1.0/x86_64-pc-linux-gnu]
  collapse include dir [/apps/sylar/lib/gcc/x86_64-pc-linux-gnu/9.1.0/../../../../include/c++/9.1.0/backward] ==> [/apps/sylar/include/c++/9.1.0/backward]
  collapse include dir [/apps/sylar/lib/gcc/x86_64-pc-linux-gnu/9.1.0/include] ==> [/apps/sylar/lib/gcc/x86_64-pc-linux-gnu/9.1.0/include]
  collapse include dir [/usr/local/include] ==> [/usr/local/include]
  collapse include dir [/apps/sylar/include] ==> [/apps/sylar/include]
  collapse include dir [/apps/sylar/lib/gcc/x86_64-pc-linux-gnu/9.1.0/include-fixed] ==> [/apps/sylar/lib/gcc/x86_64-pc-linux-gnu/9.1.0/include-fixed]
  collapse include dir [/usr/include] ==> [/usr/include]
  implicit include dirs: [/apps/sylar/include/c++/9.1.0;/apps/sylar/include/c++/9.1.0/x86_64-pc-linux-gnu;/apps/sylar/include/c++/9.1.0/backward;/apps/sylar/lib/gcc/x86_64-pc-linux-gnu/9.1.0/include;/usr/local/include;/apps/sylar/include;/apps/sylar/lib/gcc/x86_64-pc-linux-gnu/9.1.0/include-fixed;/usr/include]


Parsed CXX implicit link information from above output:
  link line regex: [^( *|.*[/\])(ld|CMAKE_LINK_STARTFILE-NOTFOUND|([^/\]+-)?ld|collect2)[^/\]*( |$)]
  ignore line: [Change Dir: /root/workspace/sylar/build/CMakeFiles/CMakeTmp]
  ignore line: []
  ignore line: [Run Build Command(s):/usr/bin/gmake cmTC_05236/fast ]
  ignore line: [gmake[1]: Entering directory `/root/workspace/sylar/build/CMakeFiles/CMakeTmp']
  ignore line: [/usr/bin/gmake -f CMakeFiles/cmTC_05236.dir/build.make CMakeFiles/cmTC_05236.dir/build]
  ignore line: [gmake[2]: Entering directory `/root/workspace/sylar/build/CMakeFiles/CMakeTmp']
  ignore line: [Building CXX object CMakeFiles/cmTC_05236.dir/CMakeCXXCompilerABI.cpp.o]
  ignore line: [/apps/sylar/bin/g++    -v -o CMakeFiles/cmTC_05236.dir/CMakeCXXCompilerABI.cpp.o -c /apps/sylar/share/cmake-3.14/Modules/CMakeCXXCompilerABI.cpp]
  ignore line: [Using built-in specs.]
  ignore line: [COLLECT_GCC=/apps/sylar/bin/g++]
  ignore line: [Target: x86_64-pc-linux-gnu]
  ignore line: [Configured with: ../configure --enable-checking=release --enable-languages=c,c++ --disable-multilib --prefix=/apps/sylar]
  ignore line: [Thread model: posix]
  ignore line: [gcc version 9.1.0 (GCC) ]
  ignore line: [COLLECT_GCC_OPTIONS='-v' '-o' 'CMakeFiles/cmTC_05236.dir/CMakeCXXCompilerABI.cpp.o' '-c' '-shared-libgcc' '-mtune=generic' '-march=x86-64']
  ignore line: [ /apps/sylar/libexec/gcc/x86_64-pc-linux-gnu/9.1.0/cc1plus -quiet -v -D_GNU_SOURCE /apps/sylar/share/cmake-3.14/Modules/CMakeCXXCompilerABI.cpp -quiet -dumpbase CMakeCXXCompilerABI.cpp -mtune=generic -march=x86-64 -auxbase-strip CMakeFiles/cmTC_05236.dir/CMakeCXXCompilerABI.cpp.o -version -o /tmp/cckCu7Ud.s]
  ignore line: [GNU C++14 (GCC) version 9.1.0 (x86_64-pc-linux-gnu)]
  ignore line: [	compiled by GNU C version 9.1.0, GMP version 6.1.0, MPFR version 3.1.4, MPC version 1.0.3, isl version isl-0.18-GMP]
  ignore line: []
  ignore line: [GGC heuristics: --param ggc-min-expand=100 --param ggc-min-heapsize=131072]
  ignore line: [ignoring nonexistent directory "/apps/sylar/lib/gcc/x86_64-pc-linux-gnu/9.1.0/../../../../x86_64-pc-linux-gnu/include"]
  ignore line: [#include "..." search starts here:]
  ignore line: [#include <...> search starts here:]
  ignore line: [ /apps/sylar/lib/gcc/x86_64-pc-linux-gnu/9.1.0/../../../../include/c++/9.1.0]
  ignore line: [ /apps/sylar/lib/gcc/x86_64-pc-linux-gnu/9.1.0/../../../../include/c++/9.1.0/x86_64-pc-linux-gnu]
  ignore line: [ /apps/sylar/lib/gcc/x86_64-pc-linux-gnu/9.1.0/../../../../include/c++/9.1.0/backward]
  ignore line: [ /apps/sylar/lib/gcc/x86_64-pc-linux-gnu/9.1.0/include]
  ignore line: [ /usr/local/include]
  ignore line: [ /apps/sylar/include]
  ignore line: [ /apps/sylar/lib/gcc/x86_64-pc-linux-gnu/9.1.0/include-fixed]
  ignore line: [ /usr/include]
  ignore line: [End of search list.]
  ignore line: [GNU C++14 (GCC) version 9.1.0 (x86_64-pc-linux-gnu)]
  ignore line: [	compiled by GNU C version 9.1.0, GMP version 6.1.0, MPFR version 3.1.4, MPC version 1.0.3, isl version isl-0.18-GMP]
  ignore line: []
  ignore line: [GGC heuristics: --param ggc-min-expand=100 --param ggc-min-heapsize=131072]
  ignore line: [Compiler executable checksum: 32b751ccbf13c2c4d4f638cf53f64081]
  ignore line: [COLLECT_GCC_OPTIONS='-v' '-o' 'CMakeFiles/cmTC_05236.dir/CMakeCXXCompilerABI.cpp.o' '-c' '-shared-libgcc' '-mtune=generic' '-march=x86-64']
  ignore line: [ as -v --64 -o CMakeFiles/cmTC_05236.dir/CMakeCXXCompilerABI.cpp.o /tmp/cckCu7Ud.s]
  ignore line: [GNU assembler version 2.27 (x86_64-redhat-linux) using BFD version version 2.27-34.base.el7]
  ignore line: [COMPILER_PATH=/apps/sylar/libexec/gcc/x86_64-pc-linux-gnu/9.1.0/:/apps/sylar/libexec/gcc/x86_64-pc-linux-gnu/9.1.0/:/apps/sylar/libexec/gcc/x86_64-pc-linux-gnu/:/apps/sylar/lib/gcc/x86_64-pc-linux-gnu/9.1.0/:/apps/sylar/lib/gcc/x86_64-pc-linux-gnu/]
  ignore line: [LIBRARY_PATH=/apps/sylar/lib/gcc/x86_64-pc-linux-gnu/9.1.0/:/apps/sylar/lib/gcc/x86_64-pc-linux-gnu/9.1.0/../../../../lib64/:/lib/../lib64/:/usr/lib/../lib64/:/apps/sylar/lib/gcc/x86_64-pc-linux-gnu/9.1.0/../../../:/lib/:/usr/lib/]
  ignore line: [COLLECT_GCC_OPTIONS='-v' '-o' 'CMakeFiles/cmTC_05236.dir/CMakeCXXCompilerABI.cpp.o' '-c' '-shared-libgcc' '-mtune=generic' '-march=x86-64']
  ignore line: [Linking CXX executable cmTC_05236]
  ignore line: [/apps/sylar/bin/cmake -E cmake_link_script CMakeFiles/cmTC_05236.dir/link.txt --verbose=1]
  ignore line: [/apps/sylar/bin/g++      -v -rdynamic CMakeFiles/cmTC_05236.dir/CMakeCXXCompilerABI.cpp.o  -o cmTC_05236 ]
  ignore line: [Using built-in specs.]
  ignore line: [COLLECT_GCC=/apps/sylar/bin/g++]
  ignore line: [COLLECT_LTO_WRAPPER=/apps/sylar/libexec/gcc/x86_64-pc-linux-gnu/9.1.0/lto-wrapper]
  ignore line: [Target: x86_64-pc-linux-gnu]
  ignore line: [Configured with: ../configure --enable-checking=release --enable-languages=c,c++ --disable-multilib --prefix=/apps/sylar]
  ignore line: [Thread model: posix]
  ignore line: [gcc version 9.1.0 (GCC) ]
  ignore line: [COMPILER_PATH=/apps/sylar/libexec/gcc/x86_64-pc-linux-gnu/9.1.0/:/apps/sylar/libexec/gcc/x86_64-pc-linux-gnu/9.1.0/:/apps/sylar/libexec/gcc/x86_64-pc-linux-gnu/:/apps/sylar/lib/gcc/x86_64-pc-linux-gnu/9.1.0/:/apps/sylar/lib/gcc/x86_64-pc-linux-gnu/]
  ignore line: [LIBRARY_PATH=/apps/sylar/lib/gcc/x86_64-pc-linux-gnu/9.1.0/:/apps/sylar/lib/gcc/x86_64-pc-linux-gnu/9.1.0/../../../../lib64/:/lib/../lib64/:/usr/lib/../lib64/:/apps/sylar/lib/gcc/x86_64-pc-linux-gnu/9.1.0/../../../:/lib/:/usr/lib/]
  ignore line: [COLLECT_GCC_OPTIONS='-v' '-rdynamic' '-o' 'cmTC_05236' '-shared-libgcc' '-mtune=generic' '-march=x86-64']
  link line: [ /apps/sylar/libexec/gcc/x86_64-pc-linux-gnu/9.1.0/collect2 -plugin /apps/sylar/libexec/gcc/x86_64-pc-linux-gnu/9.1.0/liblto_plugin.so -plugin-opt=/apps/sylar/libexec/gcc/x86_64-pc-linux-gnu/9.1.0/lto-wrapper -plugin-opt=-fresolution=/tmp/ccviVUrh.res -plugin-opt=-pass-through=-lgcc_s -plugin-opt=-pass-through=-lgcc -plugin-opt=-pass-through=-lc -plugin-opt=-pass-through=-lgcc_s -plugin-opt=-pass-through=-lgcc --eh-frame-hdr -m elf_x86_64 -export-dynamic -dynamic-linker /lib64/ld-linux-x86-64.so.2 -o cmTC_05236 /lib/../lib64/crt1.o /lib/../lib64/crti.o /apps/sylar/lib/gcc/x86_64-pc-linux-gnu/9.1.0/crtbegin.o -L/apps/sylar/lib/gcc/x86_64-pc-linux-gnu/9.1.0 -L/apps/sylar/lib/gcc/x86_64-pc-linux-gnu/9.1.0/../../../../lib64 -L/lib/../lib64 -L/usr/lib/../lib64 -L/apps/sylar/lib/gcc/x86_64-pc-linux-gnu/9.1.0/../../.. CMakeFiles/cmTC_05236.dir/CMakeCXXCompilerABI.cpp.o -lstdc++ -lm -lgcc_s -lgcc -lc -lgcc_s -lgcc /apps/sylar/lib/gcc/x86_64-pc-linux-gnu/9.1.0/crtend.o /lib/../lib64/crtn.o]
    arg [/apps/sylar/libexec/gcc/x86_64-pc-linux-gnu/9.1.0/collect2] ==> ignore
    arg [-plugin] ==> ignore
    arg [/apps/sylar/libexec/gcc/x86_64-pc-linux-gnu/9.1.0/liblto_plugin.so] ==> ignore
    arg [-plugin-opt=/apps/sylar/libexec/gcc/x86_64-pc-linux-gnu/9.1.0/lto-wrapper] ==> ignore
    arg [-plugin-opt=-fresolution=/tmp/ccviVUrh.res] ==> ignore
    arg [-plugin-opt=-pass-through=-lgcc_s] ==> ignore
    arg [-plugin-opt=-pass-through=-lgcc] ==> ignore
    arg [-plugin-opt=-pass-through=-lc] ==> ignore
    arg [-plugin-opt=-pass-through=-lgcc_s] ==> ignore
    arg [-plugin-opt=-pass-through=-lgcc] ==> ignore
    arg [--eh-frame-hdr] ==> ignore
    arg [-m] ==> ignore
    arg [elf_x86_64] ==> ignore
    arg [-export-dynamic] ==> ignore
    arg [-dynamic-linker] ==> ignore
    arg [/lib64/ld-linux-x86-64.so.2] ==> ignore
    arg [-o] ==> ignore
    arg [cmTC_05236] ==> ignore
    arg [/lib/../lib64/crt1.o] ==> ignore
    arg [/lib/../lib64/crti.o] ==> ignore
    arg [/apps/sylar/lib/gcc/x86_64-pc-linux-gnu/9.1.0/crtbegin.o] ==> ignore
    arg [-L/apps/sylar/lib/gcc/x86_64-pc-linux-gnu/9.1.0] ==> dir [/apps/sylar/lib/gcc/x86_64-pc-linux-gnu/9.1.0]
    arg [-L/apps/sylar/lib/gcc/x86_64-pc-linux-gnu/9.1.0/../../../../lib64] ==> dir [/apps/sylar/lib/gcc/x86_64-pc-linux-gnu/9.1.0/../../../../lib64]
    arg [-L/lib/../lib64] ==> dir [/lib/../lib64]
    arg [-L/usr/lib/../lib64] ==> dir [/usr/lib/../lib64]
    arg [-L/apps/sylar/lib/gcc/x86_64-pc-linux-gnu/9.1.0/../../..] ==> dir [/apps/sylar/lib/gcc/x86_64-pc-linux-gnu/9.1.0/../../..]
    arg [CMakeFiles/cmTC_05236.dir/CMakeCXXCompilerABI.cpp.o] ==> ignore
    arg [-lstdc++] ==> lib [stdc++]
    arg [-lm] ==> lib [m]
    arg [-lgcc_s] ==> lib [gcc_s]
    arg [-lgcc] ==> lib [gcc]
    arg [-lc] ==> lib [c]
    arg [-lgcc_s] ==> lib [gcc_s]
    arg [-lgcc] ==> lib [gcc]
    arg [/apps/sylar/lib/gcc/x86_64-pc-linux-gnu/9.1.0/crtend.o] ==> ignore
    arg [/lib/../lib64/crtn.o] ==> ignore
  collapse library dir [/apps/sylar/lib/gcc/x86_64-pc-linux-gnu/9.1.0] ==> [/apps/sylar/lib/gcc/x86_64-pc-linux-gnu/9.1.0]
  collapse library dir [/apps/sylar/lib/gcc/x86_64-pc-linux-gnu/9.1.0/../../../../lib64] ==> [/apps/sylar/lib64]
  collapse library dir [/lib/../lib64] ==> [/lib64]
  collapse library dir [/usr/lib/../lib64] ==> [/usr/lib64]
  collapse library dir [/apps/sylar/lib/gcc/x86_64-pc-linux-gnu/9.1.0/../../..] ==> [/apps/sylar/lib]
  implicit libs: [stdc++;m;gcc_s;gcc;c;gcc_s;gcc]
  implicit dirs: [/apps/sylar/lib/gcc/x86_64-pc-linux-gnu/9.1.0;/apps/sylar/lib64;/lib64;/usr/lib64;/apps/sylar/lib]
  implicit fwks: []




Detecting CXX [-std=c++2a] compiler features compiled with the following output:
Change Dir: /root/workspace/sylar/build/CMakeFiles/CMakeTmp

Run Build Command(s):/usr/bin/gmake cmTC_ccecc/fast 
gmake[1]: 进入目录“/root/workspace/sylar/build/CMakeFiles/CMakeTmp”
/usr/bin/gmake -f CMakeFiles/cmTC_ccecc.dir/build.make CMakeFiles/cmTC_ccecc.dir/build
gmake[2]: 进入目录“/root/workspace/sylar/build/CMakeFiles/CMakeTmp”
Building CXX object CMakeFiles/cmTC_ccecc.dir/feature_tests.cxx.o
/apps/sylar/bin/g++    -std=c++2a -o CMakeFiles/cmTC_ccecc.dir/feature_tests.cxx.o -c /root/workspace/sylar/build/CMakeFiles/feature_tests.cxx
Linking CXX executable cmTC_ccecc
/apps/sylar/bin/cmake -E cmake_link_script CMakeFiles/cmTC_ccecc.dir/link.txt --verbose=1
/apps/sylar/bin/g++       -rdynamic CMakeFiles/cmTC_ccecc.dir/feature_tests.cxx.o  -o cmTC_ccecc 
gmake[2]: 离开目录“/root/workspace/sylar/build/CMakeFiles/CMakeTmp”
gmake[1]: 离开目录“/root/workspace/sylar/build/CMakeFiles/CMakeTmp”


    Feature record: CXX_FEATURE:1cxx_aggregate_default_initializers
    Feature record: CXX_FEATURE:1cxx_alias_templates
    Feature record: CXX_FEATURE:1cxx_alignas
    Feature record: CXX_FEATURE:1cxx_alignof
    Feature record: CXX_FEATURE:1cxx_attributes
    Feature record: CXX_FEATURE:1cxx_attribute_deprecated
    Feature record: CXX_FEATURE:1cxx_auto_type
    Feature record: CXX_FEATURE:1cxx_binary_literals
    Feature record: CXX_FEATURE:1cxx_constexpr
    Feature record: CXX_FEATURE:1cxx_contextual_conversions
    Feature record: CXX_FEATURE:1cxx_decltype
    Feature record: CXX_FEATURE:1cxx_decltype_auto
    Feature record: CXX_FEATURE:1cxx_decltype_incomplete_return_types
    Feature record: CXX_FEATURE:1cxx_default_function_template_args
    Feature record: CXX_FEATURE:1cxx_defaulted_functions
    Feature record: CXX_FEATURE:1cxx_defaulted_move_initializers
    Feature record: CXX_FEATURE:1cxx_delegating_constructors
    Feature record: CXX_FEATURE:1cxx_deleted_functions
    Feature record: CXX_FEATURE:1cxx_digit_separators
    Feature record: CXX_FEATURE:1cxx_enum_forward_declarations
    Feature record: CXX_FEATURE:1cxx_explicit_conversions
    Feature record: CXX_FEATURE:1cxx_extended_friend_declarations
    Feature record: CXX_FEATURE:1cxx_extern_templates
    Feature record: CXX_FEATURE:1cxx_final
    Feature record: CXX_FEATURE:1cxx_func_identifier
    Feature record: CXX_FEATURE:1cxx_generalized_initializers
    Feature record: CXX_FEATURE:1cxx_generic_lambdas
    Feature record: CXX_FEATURE:1cxx_inheriting_constructors
    Feature record: CXX_FEATURE:1cxx_inline_namespaces
    Feature record: CXX_FEATURE:1cxx_lambdas
    Feature record: CXX_FEATURE:1cxx_lambda_init_captures
    Feature record: CXX_FEATURE:1cxx_local_type_template_args
    Feature record: CXX_FEATURE:1cxx_long_long_type
    Feature record: CXX_FEATURE:1cxx_noexcept
    Feature record: CXX_FEATURE:1cxx_nonstatic_member_init
    Feature record: CXX_FEATURE:1cxx_nullptr
    Feature record: CXX_FEATURE:1cxx_override
    Feature record: CXX_FEATURE:1cxx_range_for
    Feature record: CXX_FEATURE:1cxx_raw_string_literals
    Feature record: CXX_FEATURE:1cxx_reference_qualified_functions
    Feature record: CXX_FEATURE:1cxx_relaxed_constexpr
    Feature record: CXX_FEATURE:1cxx_return_type_deduction
    Feature record: CXX_FEATURE:1cxx_right_angle_brackets
    Feature record: CXX_FEATURE:1cxx_rvalue_references
    Feature record: CXX_FEATURE:1cxx_sizeof_member
    Feature record: CXX_FEATURE:1cxx_static_assert
    Feature record: CXX_FEATURE:1cxx_strong_enums
    Feature record: CXX_FEATURE:1cxx_template_template_parameters
    Feature record: CXX_FEATURE:1cxx_thread_local
    Feature record: CXX_FEATURE:1cxx_trailing_return_types
    Feature record: CXX_FEATURE:1cxx_unicode_literals
    Feature record: CXX_FEATURE:1cxx_uniform_initialization
    Feature record: CXX_FEATURE:1cxx_unrestricted_unions
    Feature record: CXX_FEATURE:1cxx_user_literals
    Feature record: CXX_FEATURE:1cxx_variable_templates
    Feature record: CXX_FEATURE:1cxx_variadic_macros
    Feature record: CXX_FEATURE:1cxx_variadic_templates


Detecting CXX [-std=c++17] compiler features compiled with the following output:
Change Dir: /root/workspace/sylar/build/CMakeFiles/CMakeTmp

Run Build Command(s):/usr/bin/gmake cmTC_12f44/fast 
gmake[1]: 进入目录“/root/workspace/sylar/build/CMakeFiles/CMakeTmp”
/usr/bin/gmake -f CMakeFiles/cmTC_12f44.dir/build.make CMakeFiles/cmTC_12f44.dir/build
gmake[2]: 进入目录“/root/workspace/sylar/build/CMakeFiles/CMakeTmp”
Building CXX object CMakeFiles/cmTC_12f44.dir/feature_tests.cxx.o
/apps/sylar/bin/g++    -std=c++17 -o CMakeFiles/cmTC_12f44.dir/feature_tests.cxx.o -c /root/workspace/sylar/build/CMakeFiles/feature_tests.cxx
Linking CXX executable cmTC_12f44
/apps/sylar/bin/cmake -E cmake_link_script CMakeFiles/cmTC_12f44.dir/link.txt --verbose=1
/apps/sylar/bin/g++       -rdynamic CMakeFiles/cmTC_12f44.dir/feature_tests.cxx.o  -o cmTC_12f44 
gmake[2]: 离开目录“/root/workspace/sylar/build/CMakeFiles/CMakeTmp”
gmake[1]: 离开目录“/root/workspace/sylar/build/CMakeFiles/CMakeTmp”


    Feature record: CXX_FEATURE:1cxx_aggregate_default_initializers
    Feature record: CXX_FEATURE:1cxx_alias_templates
    Feature record: CXX_FEATURE:1cxx_alignas
    Feature record: CXX_FEATURE:1cxx_alignof
    Feature record: CXX_FEATURE:1cxx_attributes
    Feature record: CXX_FEATURE:1cxx_attribute_deprecated
    Feature record: CXX_FEATURE:1cxx_auto_type
    Feature record: CXX_FEATURE:1cxx_binary_literals
    Feature record: CXX_FEATURE:1cxx_constexpr
    Feature record: CXX_FEATURE:1cxx_contextual_conversions
    Feature record: CXX_FEATURE:1cxx_decltype
    Feature record: CXX_FEATURE:1cxx_decltype_auto
    Feature record: CXX_FEATURE:1cxx_decltype_incomplete_return_types
    Feature record: CXX_FEATURE:1cxx_default_function_template_args
    Feature record: CXX_FEATURE:1cxx_defaulted_functions
    Feature record: CXX_FEATURE:1cxx_defaulted_move_initializers
    Feature record: CXX_FEATURE:1cxx_delegating_constructors
    Feature record: CXX_FEATURE:1cxx_deleted_functions
    Feature record: CXX_FEATURE:1cxx_digit_separators
    Feature record: CXX_FEATURE:1cxx_enum_forward_declarations
    Feature record: CXX_FEATURE:1cxx_explicit_conversions
    Feature record: CXX_FEATURE:1cxx_extended_friend_declarations
    Feature record: CXX_FEATURE:1cxx_extern_templates
    Feature record: CXX_FEATURE:1cxx_final
    Feature record: CXX_FEATURE:1cxx_func_identifier
    Feature record: CXX_FEATURE:1cxx_generalized_initializers
    Feature record: CXX_FEATURE:1cxx_generic_lambdas
    Feature record: CXX_FEATURE:1cxx_inheriting_constructors
    Feature record: CXX_FEATURE:1cxx_inline_namespaces
    Feature record: CXX_FEATURE:1cxx_lambdas
    Feature record: CXX_FEATURE:1cxx_lambda_init_captures
    Feature record: CXX_FEATURE:1cxx_local_type_template_args
    Feature record: CXX_FEATURE:1cxx_long_long_type
    Feature record: CXX_FEATURE:1cxx_noexcept
    Feature record: CXX_FEATURE:1cxx_nonstatic_member_init
    Feature record: CXX_FEATURE:1cxx_nullptr
    Feature record: CXX_FEATURE:1cxx_override
    Feature record: CXX_FEATURE:1cxx_range_for
    Feature record: CXX_FEATURE:1cxx_raw_string_literals
    Feature record: CXX_FEATURE:1cxx_reference_qualified_functions
    Feature record: CXX_FEATURE:1cxx_relaxed_constexpr
    Feature record: CXX_FEATURE:1cxx_return_type_deduction
    Feature record: CXX_FEATURE:1cxx_right_angle_brackets
    Feature record: CXX_FEATURE:1cxx_rvalue_references
    Feature record: CXX_FEATURE:1cxx_sizeof_member
    Feature record: CXX_FEATURE:1cxx_static_assert
    Feature record: CXX_FEATURE:1cxx_strong_enums
    Feature record: CXX_FEATURE:1cxx_template_template_parameters
    Feature record: CXX_FEATURE:1cxx_thread_local
    Feature record: CXX_FEATURE:1cxx_trailing_return_types
    Feature record: CXX_FEATURE:1cxx_unicode_literals
    Feature record: CXX_FEATURE:1cxx_uniform_initialization
    Feature record: CXX_FEATURE:1cxx_unrestricted_unions
    Feature record: CXX_FEATURE:1cxx_user_literals
    Feature record: CXX_FEATURE:1cxx_variable_templates
    Feature record: CXX_FEATURE:1cxx_variadic_macros
    Feature record: CXX_FEATURE:1cxx_variadic_templates


Detecting CXX [-std=c++14] compiler features compiled with the following output:
Change Dir: /root/workspace/sylar/build/CMakeFiles/CMakeTmp

Run Build Command(s):/usr/bin/gmake cmTC_26702/fast 
gmake[1]: 进入目录“/root/workspace/sylar/build/CMakeFiles/CMakeTmp”
/usr/bin/gmake -f CMakeFiles/cmTC_26702.dir/build.make CMakeFiles/cmTC_26702.dir/build
gmake[2]: 进入目录“/root/workspace/sylar/build/CMakeFiles/CMakeTmp”
Building CXX object CMakeFiles/cmTC_26702.dir/feature_tests.cxx.o
/apps/sylar/bin/g++    -std=c++14 -o CMakeFiles/cmTC_26702.dir/feature_tests.cxx.o -c /root/workspace/sylar/build/CMakeFiles/feature_tests.cxx
Linking CXX executable cmTC_26702
/apps/sylar/bin/cmake -E cmake_link_script CMakeFiles/cmTC_26702.dir/link.txt --verbose=1
/apps/sylar/bin/g++       -rdynamic CMakeFiles/cmTC_26702.dir/feature_tests.cxx.o  -o cmTC_26702 
gmake[2]: 离开目录“/root/workspace/sylar/build/CMakeFiles/CMakeTmp”
gmake[1]: 离开目录“/root/workspace/sylar/build/CMakeFiles/CMakeTmp”


    Feature record: CXX_FEATURE:1cxx_aggregate_default_initializers
    Feature record: CXX_FEATURE:1cxx_alias_templates
    Feature record: CXX_FEATURE:1cxx_alignas
    Feature record: CXX_FEATURE:1cxx_alignof
    Feature record: CXX_FEATURE:1cxx_attributes
    Feature record: CXX_FEATURE:1cxx_attribute_deprecated
    Feature record: CXX_FEATURE:1cxx_auto_type
    Feature record: CXX_FEATURE:1cxx_binary_literals
    Feature record: CXX_FEATURE:1cxx_constexpr
    Feature record: CXX_FEATURE:1cxx_contextual_conversions
    Feature record: CXX_FEATURE:1cxx_decltype
    Feature record: CXX_FEATURE:1cxx_decltype_auto
    Feature record: CXX_FEATURE:1cxx_decltype_incomplete_return_types
    Feature record: CXX_FEATURE:1cxx_default_function_template_args
    Feature record: CXX_FEATURE:1cxx_defaulted_functions
    Feature record: CXX_FEATURE:1cxx_defaulted_move_initializers
    Feature record: CXX_FEATURE:1cxx_delegating_constructors
    Feature record: CXX_FEATURE:1cxx_deleted_functions
    Feature record: CXX_FEATURE:1cxx_digit_separators
    Feature record: CXX_FEATURE:1cxx_enum_forward_declarations
    Feature record: CXX_FEATURE:1cxx_explicit_conversions
    Feature record: CXX_FEATURE:1cxx_extended_friend_declarations
    Feature record: CXX_FEATURE:1cxx_extern_templates
    Feature record: CXX_FEATURE:1cxx_final
    Feature record: CXX_FEATURE:1cxx_func_identifier
    Feature record: CXX_FEATURE:1cxx_generalized_initializers
    Feature record: CXX_FEATURE:1cxx_generic_lambdas
    Feature record: CXX_FEATURE:1cxx_inheriting_constructors
    Feature record: CXX_FEATURE:1cxx_inline_namespaces
    Feature record: CXX_FEATURE:1cxx_lambdas
    Feature record: CXX_FEATURE:1cxx_lambda_init_captures
    Feature record: CXX_FEATURE:1cxx_local_type_template_args
    Feature record: CXX_FEATURE:1cxx_long_long_type
    Feature record: CXX_FEATURE:1cxx_noexcept
    Feature record: CXX_FEATURE:1cxx_nonstatic_member_init
    Feature record: CXX_FEATURE:1cxx_nullptr
    Feature record: CXX_FEATURE:1cxx_override
    Feature record: CXX_FEATURE:1cxx_range_for
    Feature record: CXX_FEATURE:1cxx_raw_string_literals
    Feature record: CXX_FEATURE:1cxx_reference_qualified_functions
    Feature record: CXX_FEATURE:1cxx_relaxed_constexpr
    Feature record: CXX_FEATURE:1cxx_return_type_deduction
    Feature record: CXX_FEATURE:1cxx_right_angle_brackets
    Feature record: CXX_FEATURE:1cxx_rvalue_references
    Feature record: CXX_FEATURE:1cxx_sizeof_member
    Feature record: CXX_FEATURE:1cxx_static_assert
    Feature record: CXX_FEATURE:1cxx_strong_enums
    Feature record: CXX_FEATURE:1cxx_template_template_parameters
    Feature record: CXX_FEATURE:1cxx_thread_local
    Feature record: CXX_FEATURE:1cxx_trailing_return_types
    Feature record: CXX_FEATURE:1cxx_unicode_literals
    Feature record: CXX_FEATURE:1cxx_uniform_initialization
    Feature record: CXX_FEATURE:1cxx_unrestricted_unions
    Feature record: CXX_FEATURE:1cxx_user_literals
    Feature record: CXX_FEATURE:1cxx_variable_templates
    Feature record: CXX_FEATURE:1cxx_variadic_macros
    Feature record: CXX_FEATURE:1cxx_variadic_templates


Detecting CXX [-std=c++11] compiler features compiled with the following output:
Change Dir: /root/workspace/sylar/build/CMakeFiles/CMakeTmp

Run Build Command(s):/usr/bin/gmake cmTC_8ae27/fast 
gmake[1]: 进入目录“/root/workspace/sylar/build/CMakeFiles/CMakeTmp”
/usr/bin/gmake -f CMakeFiles/cmTC_8ae27.dir/build.make CMakeFiles/cmTC_8ae27.dir/build
gmake[2]: 进入目录“/root/workspace/sylar/build/CMakeFiles/CMakeTmp”
Building CXX object CMakeFiles/cmTC_8ae27.dir/feature_tests.cxx.o
/apps/sylar/bin/g++    -std=c++11 -o CMakeFiles/cmTC_8ae27.dir/feature_tests.cxx.o -c /root/workspace/sylar/build/CMakeFiles/feature_tests.cxx
Linking CXX executable cmTC_8ae27
/apps/sylar/bin/cmake -E cmake_link_script CMakeFiles/cmTC_8ae27.dir/link.txt --verbose=1
/apps/sylar/bin/g++       -rdynamic CMakeFiles/cmTC_8ae27.dir/feature_tests.cxx.o  -o cmTC_8ae27 
gmake[2]: 离开目录“/root/workspace/sylar/build/CMakeFiles/CMakeTmp”
gmake[1]: 离开目录“/root/workspace/sylar/build/CMakeFiles/CMakeTmp”


    Feature record: CXX_FEATURE:0cxx_aggregate_default_initializers
    Feature record: CXX_FEATURE:1cxx_alias_templates
    Feature record: CXX_FEATURE:1cxx_alignas
    Feature record: CXX_FEATURE:1cxx_alignof
    Feature record: CXX_FEATURE:1cxx_attributes
    Feature record: CXX_FEATURE:0cxx_attribute_deprecated
    Feature record: CXX_FEATURE:1cxx_auto_type
    Feature record: CXX_FEATURE:0cxx_binary_literals
    Feature record: CXX_FEATURE:1cxx_constexpr
    Feature record: CXX_FEATURE:0cxx_contextual_conversions
    Feature record: CXX_FEATURE:1cxx_decltype
    Feature record: CXX_FEATURE:0cxx_decltype_auto
    Feature record: CXX_FEATURE:1cxx_decltype_incomplete_return_types
    Feature record: CXX_FEATURE:1cxx_default_function_template_args
    Feature record: CXX_FEATURE:1cxx_defaulted_functions
    Feature record: CXX_FEATURE:1cxx_defaulted_move_initializers
    Feature record: CXX_FEATURE:1cxx_delegating_constructors
    Feature record: CXX_FEATURE:1cxx_deleted_functions
    Feature record: CXX_FEATURE:0cxx_digit_separators
    Feature record: CXX_FEATURE:1cxx_enum_forward_declarations
    Feature record: CXX_FEATURE:1cxx_explicit_conversions
    Feature record: CXX_FEATURE:1cxx_extended_friend_declarations
    Feature record: CXX_FEATURE:1cxx_extern_templates
    Feature record: CXX_FEATURE:1cxx_final
    Feature record: CXX_FEATURE:1cxx_func_identifier
    Feature record: CXX_FEATURE:1cxx_generalized_initializers
    Feature record: CXX_FEATURE:0cxx_generic_lambdas
    Feature record: CXX_FEATURE:1cxx_inheriting_constructors
    Feature record: CXX_FEATURE:1cxx_inline_namespaces
    Feature record: CXX_FEATURE:1cxx_lambdas
    Feature record: CXX_FEATURE:0cxx_lambda_init_captures
    Feature record: CXX_FEATURE:1cxx_local_type_template_args
    Feature record: CXX_FEATURE:1cxx_long_long_type
    Feature record: CXX_FEATURE:1cxx_noexcept
    Feature record: CXX_FEATURE:1cxx_nonstatic_member_init
    Feature record: CXX_FEATURE:1cxx_nullptr
    Feature record: CXX_FEATURE:1cxx_override
    Feature record: CXX_FEATURE:1cxx_range_for
    Feature record: CXX_FEATURE:1cxx_raw_string_literals
    Feature record: CXX_FEATURE:1cxx_reference_qualified_functions
    Feature record: CXX_FEATURE:0cxx_relaxed_constexpr
    Feature record: CXX_FEATURE:0cxx_return_type_deduction
    Feature record: CXX_FEATURE:1cxx_right_angle_brackets
    Feature record: CXX_FEATURE:1cxx_rvalue_references
    Feature record: CXX_FEATURE:1cxx_sizeof_member
    Feature record: CXX_FEATURE:1cxx_static_assert
    Feature record: CXX_FEATURE:1cxx_strong_enums
    Feature record: CXX_FEATURE:1cxx_template_template_parameters
    Feature record: CXX_FEATURE:1cxx_thread_local
    Feature record: CXX_FEATURE:1cxx_trailing_return_types
    Feature record: CXX_FEATURE:1cxx_unicode_literals
    Feature record: CXX_FEATURE:1cxx_uniform_initialization
    Feature record: CXX_FEATURE:1cxx_unrestricted_unions
    Feature record: CXX_FEATURE:1cxx_user_literals
    Feature record: CXX_FEATURE:0cxx_variable_templates
    Feature record: CXX_FEATURE:1cxx_variadic_macros
    Feature record: CXX_FEATURE:1cxx_variadic_templates


Detecting CXX [-std=c++98] compiler features compiled with the following output:
Change Dir: /root/workspace/sylar/build/CMakeFiles/CMakeTmp

Run Build Command(s):/usr/bin/gmake cmTC_d0cb2/fast 
gmake[1]: 进入目录“/root/workspace/sylar/build/CMakeFiles/CMakeTmp”
/usr/bin/gmake -f CMakeFiles/cmTC_d0cb2.dir/build.make CMakeFiles/cmTC_d0cb2.dir/build
gmake[2]: 进入目录“/root/workspace/sylar/build/CMakeFiles/CMakeTmp”
Building CXX object CMakeFiles/cmTC_d0cb2.dir/feature_tests.cxx.o
/apps/sylar/bin/g++    -std=c++98 -o CMakeFiles/cmTC_d0cb2.dir/feature_tests.cxx.o -c /root/workspace/sylar/build/CMakeFiles/feature_tests.cxx
Linking CXX executable cmTC_d0cb2
/apps/sylar/bin/cmake -E cmake_link_script CMakeFiles/cmTC_d0cb2.dir/link.txt --verbose=1
/apps/sylar/bin/g++       -rdynamic CMakeFiles/cmTC_d0cb2.dir/feature_tests.cxx.o  -o cmTC_d0cb2 
gmake[2]: 离开目录“/root/workspace/sylar/build/CMakeFiles/CMakeTmp”
gmake[1]: 离开目录“/root/workspace/sylar/build/CMakeFiles/CMakeTmp”


    Feature record: CXX_FEATURE:0cxx_aggregate_default_initializers
    Feature record: CXX_FEATURE:0cxx_alias_templates
    Feature record: CXX_FEATURE:0cxx_alignas
    Feature record: CXX_FEATURE:0cxx_alignof
    Feature record: CXX_FEATURE:0cxx_attributes
    Feature record: CXX_FEATURE:0cxx_attribute_deprecated
    Feature record: CXX_FEATURE:0cxx_auto_type
    Feature record: CXX_FEATURE:0cxx_binary_literals
    Feature record: CXX_FEATURE:0cxx_constexpr
    Feature record: CXX_FEATURE:0cxx_contextual_conversions
    Feature record: CXX_FEATURE:0cxx_decltype
    Feature record: CXX_FEATURE:0cxx_decltype_auto
    Feature record: CXX_FEATURE:0cxx_decltype_incomplete_return_types
    Feature record: CXX_FEATURE:0cxx_default_function_template_args
    Feature record: CXX_FEATURE:0cxx_defaulted_functions
    Feature record: CXX_FEATURE:0cxx_defaulted_move_initializers
    Feature record: CXX_FEATURE:0cxx_delegating_constructors
    Feature record: CXX_FEATURE:0cxx_deleted_functions
    Feature record: CXX_FEATURE:0cxx_digit_separators
    Feature record: CXX_FEATURE:0cxx_enum_forward_declarations
    Feature record: CXX_FEATURE:0cxx_explicit_conversions
    Feature record: CXX_FEATURE:0cxx_extended_friend_declarations
    Feature record: CXX_FEATURE:0cxx_extern_templates
    Feature record: CXX_FEATURE:0cxx_final
    Feature record: CXX_FEATURE:0cxx_func_identifier
    Feature record: CXX_FEATURE:0cxx_generalized_initializers
    Feature record: CXX_FEATURE:0cxx_generic_lambdas
    Feature record: CXX_FEATURE:0cxx_inheriting_constructors
    Feature record: CXX_FEATURE:0cxx_inline_namespaces
    Feature record: CXX_FEATURE:0cxx_lambdas
    Feature record: CXX_FEATURE:0cxx_lambda_init_captures
    Feature record: CXX_FEATURE:0cxx_local_type_template_args
    Feature record: CXX_FEATURE:0cxx_long_long_type
    Feature record: CXX_FEATURE:0cxx_noexcept
    Feature record: CXX_FEATURE:0cxx_nonstatic_member_init
    Feature record: CXX_FEATURE:0cxx_nullptr
    Feature record: CXX_FEATURE:0cxx_override
    Feature record: CXX_FEATURE:0cxx_range_for
    Feature record: CXX_FEATURE:0cxx_raw_string_literals
    Feature record: CXX_FEATURE:0cxx_reference_qualified_functions
    Feature record: CXX_FEATURE:0cxx_relaxed_constexpr
    Feature record: CXX_FEATURE:0cxx_return_type_deduction
    Feature record: CXX_FEATURE:0cxx_right_angle_brackets
    Feature record: CXX_FEATURE:0cxx_rvalue_references
    Feature record: CXX_FEATURE:0cxx_sizeof_member
    Feature record: CXX_FEATURE:0cxx_static_assert
    Feature record: CXX_FEATURE:0cxx_strong_enums
    Feature record: CXX_FEATURE:1cxx_template_template_parameters
    Feature record: CXX_FEATURE:0cxx_thread_local
    Feature record: CXX_FEATURE:0cxx_trailing_return_types
    Feature record: CXX_FEATURE:0cxx_unicode_literals
    Feature record: CXX_FEATURE:0cxx_uniform_initialization
    Feature record: CXX_FEATURE:0cxx_unrestricted_unions
    Feature record: CXX_FEATURE:0cxx_user_literals
    Feature record: CXX_FEATURE:0cxx_variable_templates
    Feature record: CXX_FEATURE:0cxx_variadic_macros
    Feature record: CXX_FEATURE:0cxx_variadic_templates
Determining if the include file pthread.h exists passed with the following output:
Change Dir: /root/workspace/sylar/build/CMakeFiles/CMakeTmp

Run Build Command(s):/usr/bin/gmake cmTC_470f5/fast 
gmake[1]: 进入目录“/root/workspace/sylar/build/CMakeFiles/CMakeTmp”
/usr/bin/gmake -f CMakeFiles/cmTC_470f5.dir/build.make CMakeFiles/cmTC_470f5.dir/build
gmake[2]: 进入目录“/root/workspace/sylar/build/CMakeFiles/CMakeTmp”
Building C object CMakeFiles/cmTC_470f5.dir/CheckIncludeFile.c.o
/apps/sylar/bin/gcc   -rdynamic -O3 -fPIC -ggdb -std=c11 -Wall -Wno-deprecated -Werror -Wno-unused-function -Wno-builtin-macro-redefined -Wno-deprecated-declarations    -o CMakeFiles/cmTC_470f5.dir/CheckIncludeFile.c.o   -c /root/workspace/sylar/build/CMakeFiles/CMakeTmp/CheckIncludeFile.c
Linking C executable cmTC_470f5
/apps/sylar/bin/cmake -E cmake_link_script CMakeFiles/cmTC_470f5.dir/link.txt --verbose=1
/apps/sylar/bin/gcc  -rdynamic -O3 -fPIC -ggdb -std=c11 -Wall -Wno-deprecated -Werror -Wno-unused-function -Wno-builtin-macro-redefined -Wno-deprecated-declarations     -rdynamic CMakeFiles/cmTC_470f5.dir/CheckIncludeFile.c.o  -o cmTC_470f5 
gmake[2]: 离开目录“/root/workspace/sylar/build/CMakeFiles/CMakeTmp”
gmake[1]: 离开目录“/root/workspace/sylar/build/CMakeFiles/CMakeTmp”


Determining if the function pthread_create exists in the pthread passed with the following output:
Change Dir: /root/workspace/sylar/build/CMakeFiles/CMakeTmp

Run Build Command(s):/usr/bin/gmake cmTC_5cae6/fast 
gmake[1]: 进入目录“/root/workspace/sylar/build/CMakeFiles/CMakeTmp”
/usr/bin/gmake -f CMakeFiles/cmTC_5cae6.dir/build.make CMakeFiles/cmTC_5cae6.dir/build
gmake[2]: 进入目录“/root/workspace/sylar/build/CMakeFiles/CMakeTmp”
Building C object CMakeFiles/cmTC_5cae6.dir/CheckFunctionExists.c.o
/apps/sylar/bin/gcc   -rdynamic -O3 -fPIC -ggdb -std=c11 -Wall -Wno-deprecated -Werror -Wno-unused-function -Wno-builtin-macro-redefined -Wno-deprecated-declarations -DCHECK_FUNCTION_EXISTS=pthread_create   -o CMakeFiles/cmTC_5cae6.dir/CheckFunctionExists.c.o   -c /apps/sylar/share/cmake-3.14/Modules/CheckFunctionExists.c
Linking C executable cmTC_5cae6
/apps/sylar/bin/cmake -E cmake_link_script CMakeFiles/cmTC_5cae6.dir/link.txt --verbose=1
/apps/sylar/bin/gcc  -rdynamic -O3 -fPIC -ggdb -std=c11 -Wall -Wno-deprecated -Werror -Wno-unused-function -Wno-builtin-macro-redefined -Wno-deprecated-declarations -DCHECK_FUNCTION_EXISTS=pthread_create    -rdynamic CMakeFiles/cmTC_5cae6.dir/CheckFunctionExists.c.o  -o cmTC_5cae6 -lpthread 
gmake[2]: 离开目录“/root/workspace/sylar/build/CMakeFiles/CMakeTmp”
gmake[1]: 离开目录“/root/workspace/sylar/build/CMakeFiles/CMakeTmp”


